<?xml version="1.0" encoding="UTF-8"?>
<testng-results ignored="0" total="2" passed="2" failed="0" skipped="0">
  <reporter-output>
  </reporter-output>
  <suite started-at="2021-06-04T20:58:29 IST" name="Default suite" finished-at="2021-06-04T20:58:29 IST" duration-ms="82">
    <groups>
    </groups>
    <test started-at="2021-06-04T20:58:29 IST" name="Default test" finished-at="2021-06-04T20:58:29 IST" duration-ms="82">
      <class name="com.selenium.test_ng.TestBeforeAndAfter">
        <test-method is-config="true" signature="beforeTest()[pri:0, instance:com.selenium.test_ng.TestBeforeAndAfter@37858383]" started-at="2021-06-04T20:58:29 IST" name="beforeTest" finished-at="2021-06-04T20:58:29 IST" duration-ms="13" status="PASS">
          <reporter-output>
          </reporter-output>
        </test-method> <!-- beforeTest -->
        <test-method is-config="true" signature="beforeMethod()[pri:0, instance:com.selenium.test_ng.TestBeforeAndAfter@37858383]" started-at="2021-06-04T20:58:29 IST" name="beforeMethod" finished-at="2021-06-04T20:58:29 IST" duration-ms="0" status="PASS">
          <reporter-output>
          </reporter-output>
        </test-method> <!-- beforeMethod -->
        <test-method signature="testOne()[pri:0, instance:com.selenium.test_ng.TestBeforeAndAfter@37858383]" started-at="2021-06-04T20:58:29 IST" name="testOne" finished-at="2021-06-04T20:58:29 IST" duration-ms="7" status="PASS">
          <reporter-output>
          </reporter-output>
        </test-method> <!-- testOne -->
        <test-method is-config="true" signature="afterMethod()[pri:0, instance:com.selenium.test_ng.TestBeforeAndAfter@37858383]" started-at="2021-06-04T20:58:29 IST" name="afterMethod" finished-at="2021-06-04T20:58:29 IST" duration-ms="3" status="PASS">
          <reporter-output>
          </reporter-output>
        </test-method> <!-- afterMethod -->
        <test-method is-config="true" signature="beforeMethod()[pri:0, instance:com.selenium.test_ng.TestBeforeAndAfter@37858383]" started-at="2021-06-04T20:58:29 IST" name="beforeMethod" finished-at="2021-06-04T20:58:29 IST" duration-ms="2" status="PASS">
          <reporter-output>
          </reporter-output>
        </test-method> <!-- beforeMethod -->
        <test-method signature="testTwo()[pri:0, instance:com.selenium.test_ng.TestBeforeAndAfter@37858383]" started-at="2021-06-04T20:58:29 IST" name="testTwo" finished-at="2021-06-04T20:58:29 IST" duration-ms="4" status="PASS">
          <reporter-output>
          </reporter-output>
        </test-method> <!-- testTwo -->
        <test-method is-config="true" signature="afterMethod()[pri:0, instance:com.selenium.test_ng.TestBeforeAndAfter@37858383]" started-at="2021-06-04T20:58:29 IST" name="afterMethod" finished-at="2021-06-04T20:58:29 IST" duration-ms="1" status="PASS">
          <reporter-output>
          </reporter-output>
        </test-method> <!-- afterMethod -->
        <test-method is-config="true" signature="afterTest()[pri:0, instance:com.selenium.test_ng.TestBeforeAndAfter@37858383]" started-at="2021-06-04T20:58:29 IST" name="afterTest" finished-at="2021-06-04T20:58:29 IST" duration-ms="2" status="PASS">
          <reporter-output>
          </reporter-output>
        </test-method> <!-- afterTest -->
      </class> <!-- com.selenium.test_ng.TestBeforeAndAfter -->
    </test> <!-- Default test -->
  </suite> <!-- Default suite -->
</testng-results>
